2025-07-20 13:04:27 [ERROR]: Error fetching product by ID: Cast to ObjectId failed for value "686f8e6a2000c13fde444dc7ss" (type string) at path "_id" for model "Product"
CastError: Cast to ObjectId failed for value "686f8e6a2000c13fde444dc7ss" (type string) at path "_id" for model "Product"
    at SchemaObjectId.cast (C:\Users\ADMIN\Documents\node-ecommerce\node_modules\mongoose\lib\schema\objectId.js:251:11)
    at SchemaType.applySetters (C:\Users\ADMIN\Documents\node-ecommerce\node_modules\mongoose\lib\schemaType.js:1258:12)
    at SchemaType.castForQuery (C:\Users\ADMIN\Documents\node-ecommerce\node_modules\mongoose\lib\schemaType.js:1676:17)
    at cast (C:\Users\ADMIN\Documents\node-ecommerce\node_modules\mongoose\lib\cast.js:390:32)
    at Query.cast (C:\Users\ADMIN\Documents\node-ecommerce\node_modules\mongoose\lib\query.js:5055:12)
    at Query._castConditions (C:\Users\ADMIN\Documents\node-ecommerce\node_modules\mongoose\lib\query.js:2351:10)
    at model.Query._findOne (C:\Users\ADMIN\Documents\node-ecommerce\node_modules\mongoose\lib\query.js:2674:8)
    at model.Query.exec (C:\Users\ADMIN\Documents\node-ecommerce\node_modules\mongoose\lib\query.js:4604:80)
    at process.processTicksAndRejections (node:internal/process/task_queues:105:5)
    at async ProductService.getProductById (C:\Users\ADMIN\Documents\node-ecommerce\services\productService.js:52:23)
2025-07-20 13:04:27 [ERROR]: Application Error Failed to fetch product
AppError: Failed to fetch product
    at ProductService.getProductById (C:\Users\ADMIN\Documents\node-ecommerce\services\productService.js:65:13)
    at process.processTicksAndRejections (node:internal/process/task_queues:105:5)
    at async C:\Users\ADMIN\Documents\node-ecommerce\controllers\productController.js:32:19
2025-07-20 13:11:28 [ERROR]: Error fetching product by ID: Cast to ObjectId failed for value "invalid1" (type string) at path "_id" for model "Product"
CastError: Cast to ObjectId failed for value "invalid1" (type string) at path "_id" for model "Product"
    at SchemaObjectId.cast (C:\Users\ADMIN\Documents\node-ecommerce\node_modules\mongoose\lib\schema\objectId.js:251:11)
    at SchemaType.applySetters (C:\Users\ADMIN\Documents\node-ecommerce\node_modules\mongoose\lib\schemaType.js:1258:12)
    at SchemaType.castForQuery (C:\Users\ADMIN\Documents\node-ecommerce\node_modules\mongoose\lib\schemaType.js:1676:17)
    at cast (C:\Users\ADMIN\Documents\node-ecommerce\node_modules\mongoose\lib\cast.js:390:32)
    at Query.cast (C:\Users\ADMIN\Documents\node-ecommerce\node_modules\mongoose\lib\query.js:5055:12)
    at Query._castConditions (C:\Users\ADMIN\Documents\node-ecommerce\node_modules\mongoose\lib\query.js:2351:10)
    at model.Query._findOne (C:\Users\ADMIN\Documents\node-ecommerce\node_modules\mongoose\lib\query.js:2674:8)
    at model.Query.exec (C:\Users\ADMIN\Documents\node-ecommerce\node_modules\mongoose\lib\query.js:4604:80)
    at process.processTicksAndRejections (node:internal/process/task_queues:105:5)
    at async ProductService.getProductById (C:\Users\ADMIN\Documents\node-ecommerce\services\productService.js:52:23)
2025-07-20 13:11:28 [ERROR]: Application Error Failed to fetch product
AppError: Failed to fetch product
    at ProductService.getProductById (C:\Users\ADMIN\Documents\node-ecommerce\services\productService.js:65:13)
    at process.processTicksAndRejections (node:internal/process/task_queues:105:5)
    at async C:\Users\ADMIN\Documents\node-ecommerce\controllers\productController.js:32:19
2025-07-20 13:11:32 [ERROR]: Error fetching product by ID: Cast to ObjectId failed for value "invalid2" (type string) at path "_id" for model "Product"
CastError: Cast to ObjectId failed for value "invalid2" (type string) at path "_id" for model "Product"
    at SchemaObjectId.cast (C:\Users\ADMIN\Documents\node-ecommerce\node_modules\mongoose\lib\schema\objectId.js:251:11)
    at SchemaType.applySetters (C:\Users\ADMIN\Documents\node-ecommerce\node_modules\mongoose\lib\schemaType.js:1258:12)
    at SchemaType.castForQuery (C:\Users\ADMIN\Documents\node-ecommerce\node_modules\mongoose\lib\schemaType.js:1676:17)
    at cast (C:\Users\ADMIN\Documents\node-ecommerce\node_modules\mongoose\lib\cast.js:390:32)
    at Query.cast (C:\Users\ADMIN\Documents\node-ecommerce\node_modules\mongoose\lib\query.js:5055:12)
    at Query._castConditions (C:\Users\ADMIN\Documents\node-ecommerce\node_modules\mongoose\lib\query.js:2351:10)
    at model.Query._findOne (C:\Users\ADMIN\Documents\node-ecommerce\node_modules\mongoose\lib\query.js:2674:8)
    at model.Query.exec (C:\Users\ADMIN\Documents\node-ecommerce\node_modules\mongoose\lib\query.js:4604:80)
    at process.processTicksAndRejections (node:internal/process/task_queues:105:5)
    at async ProductService.getProductById (C:\Users\ADMIN\Documents\node-ecommerce\services\productService.js:52:23)
2025-07-20 13:11:32 [ERROR]: Application Error Failed to fetch product
AppError: Failed to fetch product
    at ProductService.getProductById (C:\Users\ADMIN\Documents\node-ecommerce\services\productService.js:65:13)
    at process.processTicksAndRejections (node:internal/process/task_queues:105:5)
    at async C:\Users\ADMIN\Documents\node-ecommerce\controllers\productController.js:32:19
2025-07-20 13:11:35 [ERROR]: Error fetching product by ID: Cast to ObjectId failed for value "invalid3" (type string) at path "_id" for model "Product"
CastError: Cast to ObjectId failed for value "invalid3" (type string) at path "_id" for model "Product"
    at SchemaObjectId.cast (C:\Users\ADMIN\Documents\node-ecommerce\node_modules\mongoose\lib\schema\objectId.js:251:11)
    at SchemaType.applySetters (C:\Users\ADMIN\Documents\node-ecommerce\node_modules\mongoose\lib\schemaType.js:1258:12)
    at SchemaType.castForQuery (C:\Users\ADMIN\Documents\node-ecommerce\node_modules\mongoose\lib\schemaType.js:1676:17)
    at cast (C:\Users\ADMIN\Documents\node-ecommerce\node_modules\mongoose\lib\cast.js:390:32)
    at Query.cast (C:\Users\ADMIN\Documents\node-ecommerce\node_modules\mongoose\lib\query.js:5055:12)
    at Query._castConditions (C:\Users\ADMIN\Documents\node-ecommerce\node_modules\mongoose\lib\query.js:2351:10)
    at model.Query._findOne (C:\Users\ADMIN\Documents\node-ecommerce\node_modules\mongoose\lib\query.js:2674:8)
    at model.Query.exec (C:\Users\ADMIN\Documents\node-ecommerce\node_modules\mongoose\lib\query.js:4604:80)
    at process.processTicksAndRejections (node:internal/process/task_queues:105:5)
    at async ProductService.getProductById (C:\Users\ADMIN\Documents\node-ecommerce\services\productService.js:52:23)
2025-07-20 13:11:35 [ERROR]: Application Error Failed to fetch product
AppError: Failed to fetch product
    at ProductService.getProductById (C:\Users\ADMIN\Documents\node-ecommerce\services\productService.js:65:13)
    at process.processTicksAndRejections (node:internal/process/task_queues:105:5)
    at async C:\Users\ADMIN\Documents\node-ecommerce\controllers\productController.js:32:19
2025-07-20 13:11:37 [ERROR]: Error fetching product by ID: Cast to ObjectId failed for value "invalid4" (type string) at path "_id" for model "Product"
CastError: Cast to ObjectId failed for value "invalid4" (type string) at path "_id" for model "Product"
    at SchemaObjectId.cast (C:\Users\ADMIN\Documents\node-ecommerce\node_modules\mongoose\lib\schema\objectId.js:251:11)
    at SchemaType.applySetters (C:\Users\ADMIN\Documents\node-ecommerce\node_modules\mongoose\lib\schemaType.js:1258:12)
    at SchemaType.castForQuery (C:\Users\ADMIN\Documents\node-ecommerce\node_modules\mongoose\lib\schemaType.js:1676:17)
    at cast (C:\Users\ADMIN\Documents\node-ecommerce\node_modules\mongoose\lib\cast.js:390:32)
    at Query.cast (C:\Users\ADMIN\Documents\node-ecommerce\node_modules\mongoose\lib\query.js:5055:12)
    at Query._castConditions (C:\Users\ADMIN\Documents\node-ecommerce\node_modules\mongoose\lib\query.js:2351:10)
    at model.Query._findOne (C:\Users\ADMIN\Documents\node-ecommerce\node_modules\mongoose\lib\query.js:2674:8)
    at model.Query.exec (C:\Users\ADMIN\Documents\node-ecommerce\node_modules\mongoose\lib\query.js:4604:80)
    at process.processTicksAndRejections (node:internal/process/task_queues:105:5)
    at async ProductService.getProductById (C:\Users\ADMIN\Documents\node-ecommerce\services\productService.js:52:23)
2025-07-20 13:11:37 [ERROR]: Application Error Failed to fetch product
AppError: Failed to fetch product
    at ProductService.getProductById (C:\Users\ADMIN\Documents\node-ecommerce\services\productService.js:65:13)
    at process.processTicksAndRejections (node:internal/process/task_queues:105:5)
    at async C:\Users\ADMIN\Documents\node-ecommerce\controllers\productController.js:32:19
2025-07-20 13:11:40 [ERROR]: Error fetching product by ID: Cast to ObjectId failed for value "invalid5" (type string) at path "_id" for model "Product"
CastError: Cast to ObjectId failed for value "invalid5" (type string) at path "_id" for model "Product"
    at SchemaObjectId.cast (C:\Users\ADMIN\Documents\node-ecommerce\node_modules\mongoose\lib\schema\objectId.js:251:11)
    at SchemaType.applySetters (C:\Users\ADMIN\Documents\node-ecommerce\node_modules\mongoose\lib\schemaType.js:1258:12)
    at SchemaType.castForQuery (C:\Users\ADMIN\Documents\node-ecommerce\node_modules\mongoose\lib\schemaType.js:1676:17)
    at cast (C:\Users\ADMIN\Documents\node-ecommerce\node_modules\mongoose\lib\cast.js:390:32)
    at Query.cast (C:\Users\ADMIN\Documents\node-ecommerce\node_modules\mongoose\lib\query.js:5055:12)
    at Query._castConditions (C:\Users\ADMIN\Documents\node-ecommerce\node_modules\mongoose\lib\query.js:2351:10)
    at model.Query._findOne (C:\Users\ADMIN\Documents\node-ecommerce\node_modules\mongoose\lib\query.js:2674:8)
    at model.Query.exec (C:\Users\ADMIN\Documents\node-ecommerce\node_modules\mongoose\lib\query.js:4604:80)
    at process.processTicksAndRejections (node:internal/process/task_queues:105:5)
    at async ProductService.getProductById (C:\Users\ADMIN\Documents\node-ecommerce\services\productService.js:52:23)
2025-07-20 13:11:40 [ERROR]: Application Error Failed to fetch product
AppError: Failed to fetch product
    at ProductService.getProductById (C:\Users\ADMIN\Documents\node-ecommerce\services\productService.js:65:13)
    at process.processTicksAndRejections (node:internal/process/task_queues:105:5)
    at async C:\Users\ADMIN\Documents\node-ecommerce\controllers\productController.js:32:19
2025-07-20 13:11:46 [ERROR]: Error fetching product by ID: Cast to ObjectId failed for value "invalid6" (type string) at path "_id" for model "Product"
CastError: Cast to ObjectId failed for value "invalid6" (type string) at path "_id" for model "Product"
    at SchemaObjectId.cast (C:\Users\ADMIN\Documents\node-ecommerce\node_modules\mongoose\lib\schema\objectId.js:251:11)
    at SchemaType.applySetters (C:\Users\ADMIN\Documents\node-ecommerce\node_modules\mongoose\lib\schemaType.js:1258:12)
    at SchemaType.castForQuery (C:\Users\ADMIN\Documents\node-ecommerce\node_modules\mongoose\lib\schemaType.js:1676:17)
    at cast (C:\Users\ADMIN\Documents\node-ecommerce\node_modules\mongoose\lib\cast.js:390:32)
    at Query.cast (C:\Users\ADMIN\Documents\node-ecommerce\node_modules\mongoose\lib\query.js:5055:12)
    at Query._castConditions (C:\Users\ADMIN\Documents\node-ecommerce\node_modules\mongoose\lib\query.js:2351:10)
    at model.Query._findOne (C:\Users\ADMIN\Documents\node-ecommerce\node_modules\mongoose\lib\query.js:2674:8)
    at model.Query.exec (C:\Users\ADMIN\Documents\node-ecommerce\node_modules\mongoose\lib\query.js:4604:80)
    at process.processTicksAndRejections (node:internal/process/task_queues:105:5)
    at async ProductService.getProductById (C:\Users\ADMIN\Documents\node-ecommerce\services\productService.js:52:23)
2025-07-20 13:11:46 [ERROR]: Application Error Failed to fetch product
AppError: Failed to fetch product
    at ProductService.getProductById (C:\Users\ADMIN\Documents\node-ecommerce\services\productService.js:65:13)
    at process.processTicksAndRejections (node:internal/process/task_queues:105:5)
    at async C:\Users\ADMIN\Documents\node-ecommerce\controllers\productController.js:32:19
2025-07-20 13:11:55 [ERROR]: Error fetching product by ID: Cast to ObjectId failed for value "invalid7" (type string) at path "_id" for model "Product"
CastError: Cast to ObjectId failed for value "invalid7" (type string) at path "_id" for model "Product"
    at SchemaObjectId.cast (C:\Users\ADMIN\Documents\node-ecommerce\node_modules\mongoose\lib\schema\objectId.js:251:11)
    at SchemaType.applySetters (C:\Users\ADMIN\Documents\node-ecommerce\node_modules\mongoose\lib\schemaType.js:1258:12)
    at SchemaType.castForQuery (C:\Users\ADMIN\Documents\node-ecommerce\node_modules\mongoose\lib\schemaType.js:1676:17)
    at cast (C:\Users\ADMIN\Documents\node-ecommerce\node_modules\mongoose\lib\cast.js:390:32)
    at Query.cast (C:\Users\ADMIN\Documents\node-ecommerce\node_modules\mongoose\lib\query.js:5055:12)
    at Query._castConditions (C:\Users\ADMIN\Documents\node-ecommerce\node_modules\mongoose\lib\query.js:2351:10)
    at model.Query._findOne (C:\Users\ADMIN\Documents\node-ecommerce\node_modules\mongoose\lib\query.js:2674:8)
    at model.Query.exec (C:\Users\ADMIN\Documents\node-ecommerce\node_modules\mongoose\lib\query.js:4604:80)
    at process.processTicksAndRejections (node:internal/process/task_queues:105:5)
    at async ProductService.getProductById (C:\Users\ADMIN\Documents\node-ecommerce\services\productService.js:52:23)
2025-07-20 13:11:55 [ERROR]: Application Error Failed to fetch product
AppError: Failed to fetch product
    at ProductService.getProductById (C:\Users\ADMIN\Documents\node-ecommerce\services\productService.js:65:13)
    at process.processTicksAndRejections (node:internal/process/task_queues:105:5)
    at async C:\Users\ADMIN\Documents\node-ecommerce\controllers\productController.js:32:19
2025-07-21 11:39:56 [ERROR]: Registration error: Email already registered
2025-07-21 11:40:04 [ERROR]: Registration error: Email already registered
2025-07-21 11:40:29 [ERROR]: Login error: Invalid email or password
2025-07-21 11:40:34 [ERROR]: Login error: Invalid email or password
2025-07-21 11:40:38 [ERROR]: Login error: Invalid email or password
2025-07-21 11:40:46 [ERROR]: Login error: Invalid email or password
2025-07-21 11:40:50 [ERROR]: Login error: Invalid email or password
2025-07-21 11:41:28 [ERROR]: Application Error C:\Users\ADMIN\Documents\node-ecommerce\views\profile.ejs:38
    36|           <div class="profile-actions">
    37|             <div class="quick-stat">
 >> 38|               <div class="quick-stat-value"><%= orders ? orders.length : 0 %></div>
    39|               <div class="quick-stat-label">Orders</div>
    40|             </div>
    41|             <div class="quick-stat">

orders is not defined
ReferenceError: C:\Users\ADMIN\Documents\node-ecommerce\views\profile.ejs:38
    36|           <div class="profile-actions">
    37|             <div class="quick-stat">
 >> 38|               <div class="quick-stat-value"><%= orders ? orders.length : 0 %></div>
    39|               <div class="quick-stat-label">Orders</div>
    40|             </div>
    41|             <div class="quick-stat">

orders is not defined
    at eval ("C:\\Users\\ADMIN\\Documents\\node-ecommerce\\views\\profile.ejs":18:26)
    at profile (C:\Users\ADMIN\Documents\node-ecommerce\node_modules\ejs\lib\ejs.js:703:17)
    at tryHandleCache (C:\Users\ADMIN\Documents\node-ecommerce\node_modules\ejs\lib\ejs.js:274:36)
    at exports.renderFile [as engine] (C:\Users\ADMIN\Documents\node-ecommerce\node_modules\ejs\lib\ejs.js:491:10)
    at View.render (C:\Users\ADMIN\Documents\node-ecommerce\node_modules\express\lib\view.js:139:8)
    at tryRender (C:\Users\ADMIN\Documents\node-ecommerce\node_modules\express\lib\application.js:627:10)
    at Function.render (C:\Users\ADMIN\Documents\node-ecommerce\node_modules\express\lib\application.js:574:3)
    at ServerResponse.render (C:\Users\ADMIN\Documents\node-ecommerce\node_modules\express\lib\response.js:909:7)
    at exports.getProfile (C:\Users\ADMIN\Documents\node-ecommerce\controllers\authController.js:100:9)
    at process.processTicksAndRejections (node:internal/process/task_queues:105:5)
2025-07-21 11:42:16 [ERROR]: Login error: Invalid email or password
2025-07-21 11:42:23 [ERROR]: Login error: Invalid email or password
2025-07-21 11:44:28 [ERROR]: Login error: Invalid email or password
2025-07-21 11:44:33 [ERROR]: Login error: Invalid email or password
2025-07-21 11:44:47 [ERROR]: Login error: Invalid email or password
2025-07-21 11:46:44 [ERROR]: Registration error: Email already registered
2025-07-21 11:47:41 [ERROR]: Application Error C:\Users\ADMIN\Documents\node-ecommerce\views\profile.ejs:38
    36|           <div class="profile-actions">
    37|             <div class="quick-stat">
 >> 38|               <div class="quick-stat-value"><%= orders ? orders.length : 0 %></div>
    39|               <div class="quick-stat-label">Orders</div>
    40|             </div>
    41|             <div class="quick-stat">

orders is not defined
ReferenceError: C:\Users\ADMIN\Documents\node-ecommerce\views\profile.ejs:38
    36|           <div class="profile-actions">
    37|             <div class="quick-stat">
 >> 38|               <div class="quick-stat-value"><%= orders ? orders.length : 0 %></div>
    39|               <div class="quick-stat-label">Orders</div>
    40|             </div>
    41|             <div class="quick-stat">

orders is not defined
    at eval ("C:\\Users\\ADMIN\\Documents\\node-ecommerce\\views\\profile.ejs":18:26)
    at profile (C:\Users\ADMIN\Documents\node-ecommerce\node_modules\ejs\lib\ejs.js:703:17)
    at tryHandleCache (C:\Users\ADMIN\Documents\node-ecommerce\node_modules\ejs\lib\ejs.js:274:36)
    at exports.renderFile [as engine] (C:\Users\ADMIN\Documents\node-ecommerce\node_modules\ejs\lib\ejs.js:491:10)
    at View.render (C:\Users\ADMIN\Documents\node-ecommerce\node_modules\express\lib\view.js:139:8)
    at tryRender (C:\Users\ADMIN\Documents\node-ecommerce\node_modules\express\lib\application.js:627:10)
    at Function.render (C:\Users\ADMIN\Documents\node-ecommerce\node_modules\express\lib\application.js:574:3)
    at ServerResponse.render (C:\Users\ADMIN\Documents\node-ecommerce\node_modules\express\lib\response.js:909:7)
    at exports.getProfile (C:\Users\ADMIN\Documents\node-ecommerce\controllers\authController.js:100:9)
    at process.processTicksAndRejections (node:internal/process/task_queues:105:5)
2025-07-21 11:53:02 [ERROR]: Login error: Invalid email or password
2025-07-21 11:53:11 [ERROR]: Login error: Invalid email or password
2025-07-21 11:56:25 [ERROR]: Registration error: Username already taken
2025-07-21 12:05:15 [ERROR]: Login error: Invalid email or password
2025-07-21 12:07:37 [ERROR]: Login error: Invalid email or password
2025-07-21 12:07:41 [ERROR]: Login error: Invalid email or password
2025-07-21 12:11:01 [ERROR]: Login error: Invalid email or password
2025-07-21 12:11:01 [ERROR]: Login error: Invalid email or password
2025-07-21 12:23:35 [ERROR]: Login error from service: Invalid email or password
2025-07-21 12:24:00 [ERROR]: Login error from service: Invalid email or password
2025-07-21 12:33:12 [ERROR]: Login error from service: Invalid email or password
2025-07-21 12:33:26 [ERROR]: Login error from service: Invalid email or password
2025-07-21 12:38:13 [ERROR]: Login failed: invalid password for email ooo@gmail.com
2025-07-21 12:38:13 [ERROR]: Login error from service: Invalid email or password
2025-07-21 12:41:32 [ERROR]: Validation errors on registration
2025-07-21 12:41:55 [ERROR]: Validation errors on registration
2025-07-21 12:44:04 [ERROR]: Validation errors on registration
2025-07-21 12:44:13 [ERROR]: Validation errors on registration
2025-07-21 12:44:16 [ERROR]: Validation errors on registration
2025-07-21 12:44:19 [ERROR]: Validation errors on registration
2025-07-21 12:49:06 [ERROR]: Login failed: user not found for email aaa@gmail.com
2025-07-21 12:49:06 [ERROR]: Login error from service: Invalid email or password
2025-07-21 12:50:19 [ERROR]: Validation errors on registration
2025-07-21 12:50:28 [ERROR]: Validation errors on registration
2025-07-21 12:50:34 [ERROR]: Validation errors on registration
2025-07-21 12:50:38 [ERROR]: Validation errors on registration
2025-07-21 12:51:37 [ERROR]: Login failed: user not found for email aaa@gmail.com
2025-07-21 12:51:37 [ERROR]: Login error from service: Invalid email or password
2025-07-21 12:52:12 [ERROR]: Validation errors on registration
2025-07-21 12:52:55 [ERROR]: Login failed: user not found for email aa@gmail.com
2025-07-21 12:52:55 [ERROR]: Login error from service: Invalid email or password
2025-07-21 12:55:26 [ERROR]: Validation errors on registration
2025-07-21 12:57:42 [ERROR]: Validation errors on registration
2025-07-21 12:58:09 [ERROR]: Validation errors on registration
2025-07-21 12:59:48 [ERROR]: Validation errors on registration
2025-07-21 13:01:46 [ERROR]: Validation errors on registration
2025-07-21 13:01:47 [ERROR]: Validation errors on registration
2025-07-21 13:01:56 [ERROR]: Login failed: user not found for email alsakethusam@gmail.com
2025-07-21 13:01:56 [ERROR]: Login error from service: Invalid email or password
2025-07-21 13:01:59 [ERROR]: Login failed: user not found for email alsakethusam@gmail.com
2025-07-21 13:01:59 [ERROR]: Login error from service: Invalid email or password
2025-07-21 13:02:01 [ERROR]: Login failed: user not found for email alsakethusam@gmail.com
2025-07-21 13:02:01 [ERROR]: Login error from service: Invalid email or password
2025-07-21 13:02:07 [ERROR]: Login failed: user not found for email alsakethusam@gmail.com
2025-07-21 13:02:07 [ERROR]: Login error from service: Invalid email or password
2025-07-21 13:02:10 [ERROR]: Login failed: user not found for email alsakethusam@gmail.com
2025-07-21 13:02:10 [ERROR]: Login error from service: Invalid email or password
2025-07-21 13:02:18 [ERROR]: Login failed: user not found for email alsakethusam@gmail.com
2025-07-21 13:02:18 [ERROR]: Login error from service: Invalid email or password
2025-07-21 13:02:45 [ERROR]: Validation errors on registration
2025-07-21 13:03:08 [ERROR]: Validation errors on registration
2025-07-21 13:03:14 [ERROR]: Validation errors on registration
2025-07-21 13:03:25 [ERROR]: Validation errors on registration
2025-07-21 13:07:39 [ERROR]: Validation errors on registration
2025-07-21 13:07:42 [ERROR]: Validation errors on registration
2025-07-21 13:07:45 [ERROR]: Validation errors on registration
2025-07-21 13:08:10 [ERROR]: Validation errors on registration
2025-07-21 13:08:16 [ERROR]: Validation errors on registration
2025-07-21 13:08:19 [ERROR]: Validation errors on registration
2025-07-21 13:08:23 [ERROR]: Validation errors on registration
2025-07-21 13:08:38 [ERROR]: Validation errors on registration
2025-07-21 13:08:45 [ERROR]: Validation errors on registration
2025-07-21 13:14:45 [ERROR]: Login failed: user not found for email aaa@gmail.com
2025-07-21 13:14:45 [ERROR]: Login error from service: Invalid email or password
2025-07-21 13:14:55 [ERROR]: Validation errors on registration
2025-07-21 13:30:41 [ERROR]: Validation errors on registration
2025-07-21 13:30:55 [ERROR]: Validation errors on registration
2025-07-21 13:31:01 [ERROR]: Registration error from service: Email already registered
2025-07-21 13:31:08 [ERROR]: Validation errors on registration
2025-07-21 13:31:25 [ERROR]: Registration error from service: Email already registered
2025-07-21 13:34:27 [ERROR]: Registration error from service: Email already registered
2025-07-21 13:34:30 [ERROR]: Validation errors on registration
2025-07-21 13:34:53 [ERROR]: Validation errors on registration
2025-07-21 13:34:56 [ERROR]: Registration error from service: Email already registered
2025-07-21 13:35:08 [ERROR]: Registration error from service: Email already registered
2025-07-21 13:35:10 [ERROR]: Validation errors on registration
2025-07-21 13:35:12 [ERROR]: Validation errors on registration
2025-07-21 13:35:15 [ERROR]: Validation errors on registration
2025-07-21 13:35:20 [ERROR]: Validation errors on registration
2025-07-21 13:35:21 [ERROR]: Validation errors on registration
2025-07-21 13:35:24 [ERROR]: Validation errors on registration
2025-07-21 13:35:29 [ERROR]: Validation errors on registration
2025-07-21 13:35:32 [ERROR]: Registration error from service: Email already registered
2025-07-21 13:39:06 [ERROR]: Registration error from service: Email already registered
2025-07-21 13:39:08 [ERROR]: Validation errors on registration
2025-07-21 13:39:15 [ERROR]: Validation errors on registration
2025-07-21 13:39:15 [ERROR]: Validation errors on registration
2025-07-21 13:39:16 [ERROR]: Validation errors on registration
2025-07-21 13:39:18 [ERROR]: Validation errors on registration
2025-07-21 13:39:22 [ERROR]: Validation errors on registration
2025-07-21 13:39:27 [ERROR]: Registration error from service: Email already registered
2025-07-21 13:39:29 [ERROR]: Validation errors on registration
2025-07-21 13:40:37 [ERROR]: Validation errors on registration
2025-07-21 13:40:38 [ERROR]: Validation errors on registration
2025-07-21 13:40:40 [ERROR]: Validation errors on registration
2025-07-21 13:40:43 [ERROR]: Validation errors on registration
2025-07-21 13:40:46 [ERROR]: Registration error from service: Email already registered
2025-07-21 13:42:35 [ERROR]: Registration error from service: Email already registered
2025-07-21 13:42:52 [ERROR]: Validation errors on registration
2025-07-21 13:43:01 [ERROR]: Registration error from service: Email already registered
2025-07-21 13:43:04 [ERROR]: Validation errors on registration
2025-07-21 13:43:47 [ERROR]: Registration error from service: Email already registered
2025-07-21 13:45:52 [ERROR]: Registration error from service: Email already registered
2025-07-21 13:45:55 [ERROR]: Validation errors on registration
2025-07-21 13:45:59 [ERROR]: Validation errors on registration
2025-07-21 13:46:04 [ERROR]: Registration error from service: Email already registered
2025-07-21 13:46:08 [ERROR]: Validation errors on registration
2025-07-21 14:19:35 [ERROR]: Login failed: user not found for email alsakethusam@gmail.com
2025-07-21 14:19:35 [ERROR]: Login error from service: Invalid email or password
2025-07-21 14:21:43 [ERROR]: Registration error from service: Email already registered
2025-07-21 14:21:48 [ERROR]: Validation errors on registration
2025-07-21 14:21:53 [ERROR]: Validation errors on registration
2025-07-22 12:06:37 [ERROR]: Application Error C:\Users\ADMIN\Documents\node-ecommerce\views\home.ejs:22
    20|   </head>
    21|   <body>
 >> 22|     <%- include('partials/navbar') %>
    23| 
    24|     <% if (successMessage && successMessage.length > 0) { %>
    25|       <div class="alert alert-success alert-dismissible fade show text-center" role="alert">

C:\Users\ADMIN\Documents\node-ecommerce\views\partials\navbar.ejs:95
    93| </nav>
    94| 
 >> 95| <% if (messages.success && messages.success.length > 0) { %>
    96|   <div class="flash-message success">
    97|     <%= messages.success[0] %>
    98|   </div>

messages is not defined
ReferenceError: C:\Users\ADMIN\Documents\node-ecommerce\views\home.ejs:22
    20|   </head>
    21|   <body>
 >> 22|     <%- include('partials/navbar') %>
    23| 
    24|     <% if (successMessage && successMessage.length > 0) { %>
    25|       <div class="alert alert-success alert-dismissible fade show text-center" role="alert">

C:\Users\ADMIN\Documents\node-ecommerce\views\partials\navbar.ejs:95
    93| </nav>
    94| 
 >> 95| <% if (messages.success && messages.success.length > 0) { %>
    96|   <div class="flash-message success">
    97|     <%= messages.success[0] %>
    98|   </div>

messages is not defined
    at eval ("C:\\Users\\ADMIN\\Documents\\node-ecommerce\\views\\partials\\navbar.ejs":21:8)
    at navbar (C:\Users\ADMIN\Documents\node-ecommerce\node_modules\ejs\lib\ejs.js:703:17)
    at include (C:\Users\ADMIN\Documents\node-ecommerce\node_modules\ejs\lib\ejs.js:701:39)
    at eval ("C:\\Users\\ADMIN\\Documents\\node-ecommerce\\views\\home.ejs":12:17)
    at home (C:\Users\ADMIN\Documents\node-ecommerce\node_modules\ejs\lib\ejs.js:703:17)
    at tryHandleCache (C:\Users\ADMIN\Documents\node-ecommerce\node_modules\ejs\lib\ejs.js:274:36)
    at exports.renderFile [as engine] (C:\Users\ADMIN\Documents\node-ecommerce\node_modules\ejs\lib\ejs.js:491:10)
    at View.render (C:\Users\ADMIN\Documents\node-ecommerce\node_modules\express\lib\view.js:139:8)
    at tryRender (C:\Users\ADMIN\Documents\node-ecommerce\node_modules\express\lib\application.js:627:10)
    at Function.render (C:\Users\ADMIN\Documents\node-ecommerce\node_modules\express\lib\application.js:574:3)
2025-07-22 12:06:39 [ERROR]: Application Error C:\Users\ADMIN\Documents\node-ecommerce\views\home.ejs:22
    20|   </head>
    21|   <body>
 >> 22|     <%- include('partials/navbar') %>
    23| 
    24|     <% if (successMessage && successMessage.length > 0) { %>
    25|       <div class="alert alert-success alert-dismissible fade show text-center" role="alert">

C:\Users\ADMIN\Documents\node-ecommerce\views\partials\navbar.ejs:95
    93| </nav>
    94| 
 >> 95| <% if (messages.success && messages.success.length > 0) { %>
    96|   <div class="flash-message success">
    97|     <%= messages.success[0] %>
    98|   </div>

messages is not defined
ReferenceError: C:\Users\ADMIN\Documents\node-ecommerce\views\home.ejs:22
    20|   </head>
    21|   <body>
 >> 22|     <%- include('partials/navbar') %>
    23| 
    24|     <% if (successMessage && successMessage.length > 0) { %>
    25|       <div class="alert alert-success alert-dismissible fade show text-center" role="alert">

C:\Users\ADMIN\Documents\node-ecommerce\views\partials\navbar.ejs:95
    93| </nav>
    94| 
 >> 95| <% if (messages.success && messages.success.length > 0) { %>
    96|   <div class="flash-message success">
    97|     <%= messages.success[0] %>
    98|   </div>

messages is not defined
    at eval ("C:\\Users\\ADMIN\\Documents\\node-ecommerce\\views\\partials\\navbar.ejs":21:8)
    at navbar (C:\Users\ADMIN\Documents\node-ecommerce\node_modules\ejs\lib\ejs.js:703:17)
    at include (C:\Users\ADMIN\Documents\node-ecommerce\node_modules\ejs\lib\ejs.js:701:39)
    at eval ("C:\\Users\\ADMIN\\Documents\\node-ecommerce\\views\\home.ejs":12:17)
    at home (C:\Users\ADMIN\Documents\node-ecommerce\node_modules\ejs\lib\ejs.js:703:17)
    at tryHandleCache (C:\Users\ADMIN\Documents\node-ecommerce\node_modules\ejs\lib\ejs.js:274:36)
    at exports.renderFile [as engine] (C:\Users\ADMIN\Documents\node-ecommerce\node_modules\ejs\lib\ejs.js:491:10)
    at View.render (C:\Users\ADMIN\Documents\node-ecommerce\node_modules\express\lib\view.js:139:8)
    at tryRender (C:\Users\ADMIN\Documents\node-ecommerce\node_modules\express\lib\application.js:627:10)
    at Function.render (C:\Users\ADMIN\Documents\node-ecommerce\node_modules\express\lib\application.js:574:3)
2025-07-22 12:07:05 [ERROR]: Application Error C:\Users\ADMIN\Documents\node-ecommerce\views\home.ejs:22
    20|   </head>
    21|   <body>
 >> 22|     <%- include('partials/navbar') %>
    23| 
    24|     <% if (successMessage && successMessage.length > 0) { %>
    25|       <div class="alert alert-success alert-dismissible fade show text-center" role="alert">

C:\Users\ADMIN\Documents\node-ecommerce\views\partials\navbar.ejs:95
    93| </nav>
    94| 
 >> 95| <% if (messages.success && messages.success.length > 0) { %>
    96|   <div class="flash-message success">
    97|     <%= messages.success[0] %>
    98|   </div>

messages is not defined
ReferenceError: C:\Users\ADMIN\Documents\node-ecommerce\views\home.ejs:22
    20|   </head>
    21|   <body>
 >> 22|     <%- include('partials/navbar') %>
    23| 
    24|     <% if (successMessage && successMessage.length > 0) { %>
    25|       <div class="alert alert-success alert-dismissible fade show text-center" role="alert">

C:\Users\ADMIN\Documents\node-ecommerce\views\partials\navbar.ejs:95
    93| </nav>
    94| 
 >> 95| <% if (messages.success && messages.success.length > 0) { %>
    96|   <div class="flash-message success">
    97|     <%= messages.success[0] %>
    98|   </div>

messages is not defined
    at eval ("C:\\Users\\ADMIN\\Documents\\node-ecommerce\\views\\partials\\navbar.ejs":21:8)
    at navbar (C:\Users\ADMIN\Documents\node-ecommerce\node_modules\ejs\lib\ejs.js:703:17)
    at include (C:\Users\ADMIN\Documents\node-ecommerce\node_modules\ejs\lib\ejs.js:701:39)
    at eval ("C:\\Users\\ADMIN\\Documents\\node-ecommerce\\views\\home.ejs":12:17)
    at home (C:\Users\ADMIN\Documents\node-ecommerce\node_modules\ejs\lib\ejs.js:703:17)
    at tryHandleCache (C:\Users\ADMIN\Documents\node-ecommerce\node_modules\ejs\lib\ejs.js:274:36)
    at exports.renderFile [as engine] (C:\Users\ADMIN\Documents\node-ecommerce\node_modules\ejs\lib\ejs.js:491:10)
    at View.render (C:\Users\ADMIN\Documents\node-ecommerce\node_modules\express\lib\view.js:139:8)
    at tryRender (C:\Users\ADMIN\Documents\node-ecommerce\node_modules\express\lib\application.js:627:10)
    at Function.render (C:\Users\ADMIN\Documents\node-ecommerce\node_modules\express\lib\application.js:574:3)
2025-07-22 12:16:04 [ERROR]: Login failed: invalid password for email tesla@gmail.com
2025-07-22 12:16:04 [ERROR]: Login error from service: Invalid email or password
2025-07-28 11:42:24 [ERROR]: Login failed: invalid password for email tesla@gmail.com
2025-07-28 11:42:24 [ERROR]: Login error from service: Invalid email or password
2025-07-28 11:42:36 [ERROR]: Registration error from service: Email already registered
2025-07-28 13:23:23 [ERROR]: JWT verification failed: jwt expired
2025-07-28 14:37:28 [ERROR]: JWT verification failed: jwt expired
2025-07-29 11:12:56 [ERROR]: Login failed: invalid password for email tesla@gmail.com
2025-07-29 11:12:56 [ERROR]: Login error from service: Invalid email or password
2025-07-29 11:13:04 [ERROR]: Validation errors on registration
2025-07-29 11:13:09 [ERROR]: Registration error from service: Email already registered
2025-07-29 11:16:29 [ERROR]: Login failed: invalid password for email tesla@gmail.com
2025-07-29 11:16:29 [ERROR]: Login error from service: Invalid email or password
2025-07-29 11:16:41 [ERROR]: Registration error from service: Email already registered
2025-07-30 10:48:22 [ERROR]: Application Error missing ) after argument list in C:\Users\ADMIN\Documents\node-ecommerce\views\profile.ejs while compiling ejs

If the above error is not helpful, you may want to try EJS-Lint:
https://github.com/RyanZim/EJS-Lint
Or, if you meant to create an async function, pass `async: true` as an option.
SyntaxError: missing ) after argument list in C:\Users\ADMIN\Documents\node-ecommerce\views\profile.ejs while compiling ejs

If the above error is not helpful, you may want to try EJS-Lint:
https://github.com/RyanZim/EJS-Lint
Or, if you meant to create an async function, pass `async: true` as an option.
    at new Function (<anonymous>)
    at Template.compile (C:\Users\ADMIN\Documents\node-ecommerce\node_modules\ejs\lib\ejs.js:673:12)
    at Object.compile (C:\Users\ADMIN\Documents\node-ecommerce\node_modules\ejs\lib\ejs.js:398:16)
    at handleCache (C:\Users\ADMIN\Documents\node-ecommerce\node_modules\ejs\lib\ejs.js:235:18)
    at tryHandleCache (C:\Users\ADMIN\Documents\node-ecommerce\node_modules\ejs\lib\ejs.js:274:16)
    at exports.renderFile [as engine] (C:\Users\ADMIN\Documents\node-ecommerce\node_modules\ejs\lib\ejs.js:491:10)
    at View.render (C:\Users\ADMIN\Documents\node-ecommerce\node_modules\express\lib\view.js:139:8)
    at tryRender (C:\Users\ADMIN\Documents\node-ecommerce\node_modules\express\lib\application.js:627:10)
    at Function.render (C:\Users\ADMIN\Documents\node-ecommerce\node_modules\express\lib\application.js:574:3)
    at ServerResponse.render (C:\Users\ADMIN\Documents\node-ecommerce\node_modules\express\lib\response.js:909:7)
2025-07-30 10:52:21 [ERROR]: Application Error missing ) after argument list in C:\Users\ADMIN\Documents\node-ecommerce\views\profile.ejs while compiling ejs

If the above error is not helpful, you may want to try EJS-Lint:
https://github.com/RyanZim/EJS-Lint
Or, if you meant to create an async function, pass `async: true` as an option.
SyntaxError: missing ) after argument list in C:\Users\ADMIN\Documents\node-ecommerce\views\profile.ejs while compiling ejs

If the above error is not helpful, you may want to try EJS-Lint:
https://github.com/RyanZim/EJS-Lint
Or, if you meant to create an async function, pass `async: true` as an option.
    at new Function (<anonymous>)
    at Template.compile (C:\Users\ADMIN\Documents\node-ecommerce\node_modules\ejs\lib\ejs.js:673:12)
    at Object.compile (C:\Users\ADMIN\Documents\node-ecommerce\node_modules\ejs\lib\ejs.js:398:16)
    at handleCache (C:\Users\ADMIN\Documents\node-ecommerce\node_modules\ejs\lib\ejs.js:235:18)
    at tryHandleCache (C:\Users\ADMIN\Documents\node-ecommerce\node_modules\ejs\lib\ejs.js:274:16)
    at exports.renderFile [as engine] (C:\Users\ADMIN\Documents\node-ecommerce\node_modules\ejs\lib\ejs.js:491:10)
    at View.render (C:\Users\ADMIN\Documents\node-ecommerce\node_modules\express\lib\view.js:139:8)
    at tryRender (C:\Users\ADMIN\Documents\node-ecommerce\node_modules\express\lib\application.js:627:10)
    at Function.render (C:\Users\ADMIN\Documents\node-ecommerce\node_modules\express\lib\application.js:574:3)
    at ServerResponse.render (C:\Users\ADMIN\Documents\node-ecommerce\node_modules\express\lib\response.js:909:7)
2025-07-30 10:53:37 [ERROR]: Application Error ENOENT: no such file or directory, open 'C:\Users\ADMIN\Documents\node-ecommerce\public\uploads\1753862017480.png'
Error: ENOENT: no such file or directory, open 'C:\Users\ADMIN\Documents\node-ecommerce\public\uploads\1753862017480.png'
2025-07-30 10:54:11 [ERROR]: Application Error User is not defined
ReferenceError: User is not defined
    at C:\Users\ADMIN\Documents\node-ecommerce\routes\authRoutes.js:32:5
    at Layer.handleRequest (C:\Users\ADMIN\Documents\node-ecommerce\node_modules\router\lib\layer.js:152:17)
    at next (C:\Users\ADMIN\Documents\node-ecommerce\node_modules\router\lib\route.js:157:13)
    at done (C:\Users\ADMIN\Documents\node-ecommerce\node_modules\multer\lib\make-middleware.js:59:7)
    at indicateDone (C:\Users\ADMIN\Documents\node-ecommerce\node_modules\multer\lib\make-middleware.js:63:68)
    at C:\Users\ADMIN\Documents\node-ecommerce\node_modules\multer\lib\make-middleware.js:176:11
    at WriteStream.<anonymous> (C:\Users\ADMIN\Documents\node-ecommerce\node_modules\multer\storage\disk.js:43:9)
    at WriteStream.emit (node:events:536:35)
    at finish (node:internal/streams/writable:955:10)
    at node:internal/streams/writable:936:13
2025-07-30 10:54:28 [ERROR]: Application Error User is not defined
ReferenceError: User is not defined
    at C:\Users\ADMIN\Documents\node-ecommerce\routes\authRoutes.js:32:5
    at Layer.handleRequest (C:\Users\ADMIN\Documents\node-ecommerce\node_modules\router\lib\layer.js:152:17)
    at next (C:\Users\ADMIN\Documents\node-ecommerce\node_modules\router\lib\route.js:157:13)
    at done (C:\Users\ADMIN\Documents\node-ecommerce\node_modules\multer\lib\make-middleware.js:59:7)
    at indicateDone (C:\Users\ADMIN\Documents\node-ecommerce\node_modules\multer\lib\make-middleware.js:63:68)
    at C:\Users\ADMIN\Documents\node-ecommerce\node_modules\multer\lib\make-middleware.js:176:11
    at WriteStream.<anonymous> (C:\Users\ADMIN\Documents\node-ecommerce\node_modules\multer\storage\disk.js:43:9)
    at WriteStream.emit (node:events:536:35)
    at finish (node:internal/streams/writable:955:10)
    at node:internal/streams/writable:936:13
2025-07-30 11:35:10 [ERROR]: Registration error from service: Email already registered
2025-07-30 11:50:11 [ERROR]: Application Error Plan executor error during findAndModify :: caused by :: E11000 duplicate key error collection: ecommerce.users index: email_1 dup key: { email: "tesla@gmail.com" }
MongoServerError: Plan executor error during findAndModify :: caused by :: E11000 duplicate key error collection: ecommerce.users index: email_1 dup key: { email: "tesla@gmail.com" }
    at Connection.sendCommand (C:\Users\ADMIN\Documents\node-ecommerce\node_modules\mongodb\lib\cmap\connection.js:305:27)
    at process.processTicksAndRejections (node:internal/process/task_queues:105:5)
    at async Connection.command (C:\Users\ADMIN\Documents\node-ecommerce\node_modules\mongodb\lib\cmap\connection.js:333:26)
    at async Server.command (C:\Users\ADMIN\Documents\node-ecommerce\node_modules\mongodb\lib\sdam\server.js:171:29)
    at async FindOneAndUpdateOperation.executeCommand (C:\Users\ADMIN\Documents\node-ecommerce\node_modules\mongodb\lib\operations\command.js:76:16)
    at async FindOneAndUpdateOperation.execute (C:\Users\ADMIN\Documents\node-ecommerce\node_modules\mongodb\lib\operations\find_and_modify.js:85:24)
    at async tryOperation (C:\Users\ADMIN\Documents\node-ecommerce\node_modules\mongodb\lib\operations\execute_operation.js:207:20)
    at async executeOperation (C:\Users\ADMIN\Documents\node-ecommerce\node_modules\mongodb\lib\operations\execute_operation.js:75:16)
    at async Collection.findOneAndUpdate (C:\Users\ADMIN\Documents\node-ecommerce\node_modules\mongodb\lib\collection.js:500:16)
    at async model.Query._findOneAndUpdate (C:\Users\ADMIN\Documents\node-ecommerce\node_modules\mongoose\lib\query.js:3513:13)
2025-07-30 12:33:28 [ERROR]: Validation errors on registration
2025-07-30 12:35:24 [ERROR]: Login failed: invalid password for email tesla@gmail.com
2025-07-30 12:35:24 [ERROR]: Login error from service: Invalid email or password
2025-07-30 12:39:05 [ERROR]: Application Error C:\Users\ADMIN\Documents\node-ecommerce\views\profile.ejs:267
    265|                     name="email"
    266|                     id="email"
 >> 267|                     class="form-control <%= errors && errors.email ? 'is-invalid' : '' %>"
    268|                     value="<%= (oldInput && oldInput.email) ? oldInput.email : user.email %>"
    269|                     required
    270|                   />

errors is not defined
ReferenceError: C:\Users\ADMIN\Documents\node-ecommerce\views\profile.ejs:267
    265|                     name="email"
    266|                     id="email"
 >> 267|                     class="form-control <%= errors && errors.email ? 'is-invalid' : '' %>"
    268|                     value="<%= (oldInput && oldInput.email) ? oldInput.email : user.email %>"
    269|                     required
    270|                   />

errors is not defined
    at eval ("C:\\Users\\ADMIN\\Documents\\node-ecommerce\\views\\profile.ejs":88:26)
    at profile (C:\Users\ADMIN\Documents\node-ecommerce\node_modules\ejs\lib\ejs.js:703:17)
    at tryHandleCache (C:\Users\ADMIN\Documents\node-ecommerce\node_modules\ejs\lib\ejs.js:274:36)
    at exports.renderFile [as engine] (C:\Users\ADMIN\Documents\node-ecommerce\node_modules\ejs\lib\ejs.js:491:10)
    at View.render (C:\Users\ADMIN\Documents\node-ecommerce\node_modules\express\lib\view.js:139:8)
    at tryRender (C:\Users\ADMIN\Documents\node-ecommerce\node_modules\express\lib\application.js:627:10)
    at Function.render (C:\Users\ADMIN\Documents\node-ecommerce\node_modules\express\lib\application.js:574:3)
    at ServerResponse.render (C:\Users\ADMIN\Documents\node-ecommerce\node_modules\express\lib\response.js:909:7)
    at exports.getProfile (C:\Users\ADMIN\Documents\node-ecommerce\controllers\authController.js:196:9)
    at process.processTicksAndRejections (node:internal/process/task_queues:105:5)
2025-08-04 10:57:07 [ERROR]: Login failed: invalid password for email tesla@gmail.com
2025-08-04 10:57:07 [ERROR]: Login error from service: Invalid email or password
2025-08-04 11:35:04 [ERROR]: Application Error Could not find matching close tag for "<%=".
Error: Could not find matching close tag for "<%=".
    at C:\Users\ADMIN\Documents\node-ecommerce\node_modules\ejs\lib\ejs.js:752:19
    at Array.forEach (<anonymous>)
    at Template.generateSource (C:\Users\ADMIN\Documents\node-ecommerce\node_modules\ejs\lib\ejs.js:742:15)
    at Template.compile (C:\Users\ADMIN\Documents\node-ecommerce\node_modules\ejs\lib\ejs.js:587:12)
    at Object.compile (C:\Users\ADMIN\Documents\node-ecommerce\node_modules\ejs\lib\ejs.js:398:16)
    at handleCache (C:\Users\ADMIN\Documents\node-ecommerce\node_modules\ejs\lib\ejs.js:235:18)
    at tryHandleCache (C:\Users\ADMIN\Documents\node-ecommerce\node_modules\ejs\lib\ejs.js:274:16)
    at exports.renderFile [as engine] (C:\Users\ADMIN\Documents\node-ecommerce\node_modules\ejs\lib\ejs.js:491:10)
    at View.render (C:\Users\ADMIN\Documents\node-ecommerce\node_modules\express\lib\view.js:139:8)
    at tryRender (C:\Users\ADMIN\Documents\node-ecommerce\node_modules\express\lib\application.js:627:10)
2025-08-04 11:35:15 [ERROR]: Application Error Could not find matching close tag for "<%=".
Error: Could not find matching close tag for "<%=".
    at C:\Users\ADMIN\Documents\node-ecommerce\node_modules\ejs\lib\ejs.js:752:19
    at Array.forEach (<anonymous>)
    at Template.generateSource (C:\Users\ADMIN\Documents\node-ecommerce\node_modules\ejs\lib\ejs.js:742:15)
    at Template.compile (C:\Users\ADMIN\Documents\node-ecommerce\node_modules\ejs\lib\ejs.js:587:12)
    at Object.compile (C:\Users\ADMIN\Documents\node-ecommerce\node_modules\ejs\lib\ejs.js:398:16)
    at handleCache (C:\Users\ADMIN\Documents\node-ecommerce\node_modules\ejs\lib\ejs.js:235:18)
    at tryHandleCache (C:\Users\ADMIN\Documents\node-ecommerce\node_modules\ejs\lib\ejs.js:274:16)
    at exports.renderFile [as engine] (C:\Users\ADMIN\Documents\node-ecommerce\node_modules\ejs\lib\ejs.js:491:10)
    at View.render (C:\Users\ADMIN\Documents\node-ecommerce\node_modules\express\lib\view.js:139:8)
    at tryRender (C:\Users\ADMIN\Documents\node-ecommerce\node_modules\express\lib\application.js:627:10)
2025-08-04 11:35:19 [ERROR]: Application Error Could not find matching close tag for "<%=".
Error: Could not find matching close tag for "<%=".
    at C:\Users\ADMIN\Documents\node-ecommerce\node_modules\ejs\lib\ejs.js:752:19
    at Array.forEach (<anonymous>)
    at Template.generateSource (C:\Users\ADMIN\Documents\node-ecommerce\node_modules\ejs\lib\ejs.js:742:15)
    at Template.compile (C:\Users\ADMIN\Documents\node-ecommerce\node_modules\ejs\lib\ejs.js:587:12)
    at Object.compile (C:\Users\ADMIN\Documents\node-ecommerce\node_modules\ejs\lib\ejs.js:398:16)
    at handleCache (C:\Users\ADMIN\Documents\node-ecommerce\node_modules\ejs\lib\ejs.js:235:18)
    at tryHandleCache (C:\Users\ADMIN\Documents\node-ecommerce\node_modules\ejs\lib\ejs.js:274:16)
    at exports.renderFile [as engine] (C:\Users\ADMIN\Documents\node-ecommerce\node_modules\ejs\lib\ejs.js:491:10)
    at View.render (C:\Users\ADMIN\Documents\node-ecommerce\node_modules\express\lib\view.js:139:8)
    at tryRender (C:\Users\ADMIN\Documents\node-ecommerce\node_modules\express\lib\application.js:627:10)
2025-08-04 11:36:06 [ERROR]: Application Error Could not find matching close tag for "<%=".
Error: Could not find matching close tag for "<%=".
    at C:\Users\ADMIN\Documents\node-ecommerce\node_modules\ejs\lib\ejs.js:752:19
    at Array.forEach (<anonymous>)
    at Template.generateSource (C:\Users\ADMIN\Documents\node-ecommerce\node_modules\ejs\lib\ejs.js:742:15)
    at Template.compile (C:\Users\ADMIN\Documents\node-ecommerce\node_modules\ejs\lib\ejs.js:587:12)
    at Object.compile (C:\Users\ADMIN\Documents\node-ecommerce\node_modules\ejs\lib\ejs.js:398:16)
    at handleCache (C:\Users\ADMIN\Documents\node-ecommerce\node_modules\ejs\lib\ejs.js:235:18)
    at tryHandleCache (C:\Users\ADMIN\Documents\node-ecommerce\node_modules\ejs\lib\ejs.js:274:16)
    at exports.renderFile [as engine] (C:\Users\ADMIN\Documents\node-ecommerce\node_modules\ejs\lib\ejs.js:491:10)
    at View.render (C:\Users\ADMIN\Documents\node-ecommerce\node_modules\express\lib\view.js:139:8)
    at tryRender (C:\Users\ADMIN\Documents\node-ecommerce\node_modules\express\lib\application.js:627:10)
2025-08-04 11:36:08 [ERROR]: Application Error Could not find matching close tag for "<%=".
Error: Could not find matching close tag for "<%=".
    at C:\Users\ADMIN\Documents\node-ecommerce\node_modules\ejs\lib\ejs.js:752:19
    at Array.forEach (<anonymous>)
    at Template.generateSource (C:\Users\ADMIN\Documents\node-ecommerce\node_modules\ejs\lib\ejs.js:742:15)
    at Template.compile (C:\Users\ADMIN\Documents\node-ecommerce\node_modules\ejs\lib\ejs.js:587:12)
    at Object.compile (C:\Users\ADMIN\Documents\node-ecommerce\node_modules\ejs\lib\ejs.js:398:16)
    at handleCache (C:\Users\ADMIN\Documents\node-ecommerce\node_modules\ejs\lib\ejs.js:235:18)
    at tryHandleCache (C:\Users\ADMIN\Documents\node-ecommerce\node_modules\ejs\lib\ejs.js:274:16)
    at exports.renderFile [as engine] (C:\Users\ADMIN\Documents\node-ecommerce\node_modules\ejs\lib\ejs.js:491:10)
    at View.render (C:\Users\ADMIN\Documents\node-ecommerce\node_modules\express\lib\view.js:139:8)
    at tryRender (C:\Users\ADMIN\Documents\node-ecommerce\node_modules\express\lib\application.js:627:10)
2025-08-04 11:36:20 [ERROR]: Application Error Could not find matching close tag for "<%=".
Error: Could not find matching close tag for "<%=".
    at C:\Users\ADMIN\Documents\node-ecommerce\node_modules\ejs\lib\ejs.js:752:19
    at Array.forEach (<anonymous>)
    at Template.generateSource (C:\Users\ADMIN\Documents\node-ecommerce\node_modules\ejs\lib\ejs.js:742:15)
    at Template.compile (C:\Users\ADMIN\Documents\node-ecommerce\node_modules\ejs\lib\ejs.js:587:12)
    at Object.compile (C:\Users\ADMIN\Documents\node-ecommerce\node_modules\ejs\lib\ejs.js:398:16)
    at handleCache (C:\Users\ADMIN\Documents\node-ecommerce\node_modules\ejs\lib\ejs.js:235:18)
    at tryHandleCache (C:\Users\ADMIN\Documents\node-ecommerce\node_modules\ejs\lib\ejs.js:274:16)
    at exports.renderFile [as engine] (C:\Users\ADMIN\Documents\node-ecommerce\node_modules\ejs\lib\ejs.js:491:10)
    at View.render (C:\Users\ADMIN\Documents\node-ecommerce\node_modules\express\lib\view.js:139:8)
    at tryRender (C:\Users\ADMIN\Documents\node-ecommerce\node_modules\express\lib\application.js:627:10)
2025-08-07 11:48:55 [ERROR]: Application Error Failed to lookup view "error" in views directory "C:\Users\ADMIN\Documents\node-ecommerce\views"
Error: Failed to lookup view "error" in views directory "C:\Users\ADMIN\Documents\node-ecommerce\views"
    at Function.render (C:\Users\ADMIN\Documents\node-ecommerce\node_modules\express\lib\application.js:562:17)
    at ServerResponse.render (C:\Users\ADMIN\Documents\node-ecommerce\node_modules\express\lib\response.js:909:7)
    at exports.getDashboard (C:\Users\ADMIN\Documents\node-ecommerce\controllers\adminController.js:35:21)
    at Layer.handleRequest (C:\Users\ADMIN\Documents\node-ecommerce\node_modules\router\lib\layer.js:152:17)
    at next (C:\Users\ADMIN\Documents\node-ecommerce\node_modules\router\lib\route.js:157:13)
    at Route.dispatch (C:\Users\ADMIN\Documents\node-ecommerce\node_modules\router\lib\route.js:117:3)
    at handle (C:\Users\ADMIN\Documents\node-ecommerce\node_modules\router\index.js:435:11)
    at Layer.handleRequest (C:\Users\ADMIN\Documents\node-ecommerce\node_modules\router\lib\layer.js:152:17)
    at C:\Users\ADMIN\Documents\node-ecommerce\node_modules\router\index.js:295:15
    at processParams (C:\Users\ADMIN\Documents\node-ecommerce\node_modules\router\index.js:582:12)
2025-08-07 12:09:41 [ERROR]: Application Error C:\Users\ADMIN\Documents\node-ecommerce\views\admin\dashboard.ejs:74
    72|             <div class="user-info">
    73|                 <div class="user-avatar">
 >> 74|                     <%= user.username.charAt(0).toUpperCase() %>
    75|                 </div>
    76|                 <span>Welcome, <%= user.username %>!</span>
    77|             </div>

Cannot read properties of undefined (reading 'charAt')
TypeError: C:\Users\ADMIN\Documents\node-ecommerce\views\admin\dashboard.ejs:74
    72|             <div class="user-info">
    73|                 <div class="user-avatar">
 >> 74|                     <%= user.username.charAt(0).toUpperCase() %>
    75|                 </div>
    76|                 <span>Welcome, <%= user.username %>!</span>
    77|             </div>

Cannot read properties of undefined (reading 'charAt')
    at eval ("C:\\Users\\ADMIN\\Documents\\node-ecommerce\\views\\admin\\dashboard.ejs":18:40)
    at dashboard (C:\Users\ADMIN\Documents\node-ecommerce\node_modules\ejs\lib\ejs.js:703:17)
    at tryHandleCache (C:\Users\ADMIN\Documents\node-ecommerce\node_modules\ejs\lib\ejs.js:274:36)
    at exports.renderFile [as engine] (C:\Users\ADMIN\Documents\node-ecommerce\node_modules\ejs\lib\ejs.js:491:10)
    at View.render (C:\Users\ADMIN\Documents\node-ecommerce\node_modules\express\lib\view.js:139:8)
    at tryRender (C:\Users\ADMIN\Documents\node-ecommerce\node_modules\express\lib\application.js:627:10)
    at Function.render (C:\Users\ADMIN\Documents\node-ecommerce\node_modules\express\lib\application.js:574:3)
    at ServerResponse.render (C:\Users\ADMIN\Documents\node-ecommerce\node_modules\express\lib\response.js:909:7)
    at exports.getDashboard (C:\Users\ADMIN\Documents\node-ecommerce\controllers\adminController.js:27:9)
    at process.processTicksAndRejections (node:internal/process/task_queues:105:5)
2025-08-07 12:41:00 [ERROR]: Login failed: invalid password for email ghostsora101@gmail.com
2025-08-07 12:41:00 [ERROR]: Login error from service: Invalid email or password
2025-08-07 12:41:13 [ERROR]: Login failed: invalid password for email sss@gmail.com
2025-08-07 12:41:13 [ERROR]: Login error from service: Invalid email or password
2025-08-07 13:54:22 [ERROR]: Login failed: invalid password for email tesla@gmail.com
2025-08-07 13:54:22 [ERROR]: Login error from service: Invalid email or password
2025-08-11 13:10:06 [ERROR]: Login failed: invalid password for email tesla@gmail.com
2025-08-11 13:10:06 [ERROR]: Login error from service: Invalid email or password
